<?xml version="1.0" encoding="UTF-8"?>
<testsuite xmlns:xsi="http://www.w3.org/2001/XMLSchema-instance" xsi:noNamespaceSchemaLocation="https://maven.apache.org/surefire/maven-surefire-plugin/xsd/surefire-test-report-3.0.xsd" version="3.0" name="com.agora.monitoring.MonitoringGuiTest" time="0.596" tests="1" errors="0" skipped="0" failures="0">
  <properties>
[...]
</properties>
  <testcase name="testGuiTableModelsHaveStatus" classname="com.agora.monitoring.MonitoringGuiTest" time="0.583">
    <system-err><![CDATA[[main] WARN oshi.util.platform.windows.WmiQueryHandler - COM exception querying MSAcpi_ThermalZoneTemperature, which might not be on your system. Will not attempt to query it again. Error was -2147217396: Failed to enumerate results.
[main] WARN com.agora.monitoring.monitor.TemperatureMonitor - Sensor cpu0 over threshold: 35.0 > 30.0
[main] WARN com.agora.monitoring.alert.AlertService - ALERTE: capteur=cpu0 valeur=35.00°C seuil=30.00°C
[main] INFO com.agora.monitoring.monitor.TemperatureMonitor - Sensor cpu0_core1 OK: 65.0C
[main] INFO com.agora.monitoring.monitor.TemperatureMonitor - Sensor gpu0 OK: 55.0C
[main] INFO com.agora.monitoring.monitor.TemperatureMonitor - Sensor hdd0 OK: 45.0C
[main] INFO com.agora.monitoring.monitor.TemperatureMonitor - Sensor mb_temp OK: 40.0C
[main] INFO com.agora.monitoring.monitor.FanMonitor - Fan fan_cpu OK rpm=1078
[main] INFO com.agora.monitoring.monitor.FanMonitor - Fan fan_chassis OK rpm=722
[main] INFO com.agora.monitoring.monitor.FanMonitor - Fan fan_gpu OK rpm=1860
]]></system-err>
  </testcase>
</testsuite>