<?xml version="1.0" encoding="UTF-8"?>
<testsuite xmlns:xsi="http://www.w3.org/2001/XMLSchema-instance" xsi:noNamespaceSchemaLocation="https://maven.apache.org/surefire/maven-surefire-plugin/xsd/surefire-test-report-3.0.xsd" version="3.0" name="com.agora.monitoring.FanMonitorTest" time="0.08" tests="2" errors="0" skipped="0" failures="0">
  <properties>
[...]
</properties>
  <testcase name="testFanAlertLow" classname="com.agora.monitoring.FanMonitorTest" time="0.061">
    <system-err><![CDATA[[main] INFO com.agora.monitoring.monitor.FanMonitor - Fan fan_cpu OK rpm=1199
[main] WARN com.agora.monitoring.monitor.FanMonitor - Fan fan_chassis ALERTE rpm=943 (min=1000.0)
[main] WARN com.agora.monitoring.alert.AlertService - ALERTE: capteur=fan_chassis valeur=943.00°C seuil=1000.00°C
[main] INFO com.agora.monitoring.monitor.FanMonitor - Fan fan_gpu OK rpm=2004
]]></system-err>
  </testcase>
  <testcase name="testFanReadings" classname="com.agora.monitoring.FanMonitorTest" time="0.004">
    <system-err><![CDATA[[main] INFO com.agora.monitoring.monitor.FanMonitor - Fan fan_cpu OK rpm=1214
[main] WARN com.agora.monitoring.monitor.FanMonitor - Fan fan_chassis ALERTE rpm=781 (min=1000.0)
[main] WARN com.agora.monitoring.alert.AlertService - ALERTE: capteur=fan_chassis valeur=781.00°C seuil=1000.00°C
[main] INFO com.agora.monitoring.monitor.FanMonitor - Fan fan_gpu OK rpm=2091
]]></system-err>
  </testcase>
</testsuite>